15:44:31 INFO  : Registering command handlers for SDK TCF services
15:44:31 INFO  : Launching XSCT server: xsct.bat -interactive C:\Users\wnagds\Desktop\hdmi_ov5640_2017\hdmi_ov5640_2017.sdk\temp_xsdb_launch_script.tcl
15:44:34 INFO  : XSCT server has started successfully.
15:44:34 INFO  : Successfully done setting XSCT server connection channel  
15:44:36 INFO  : Successfully done setting SDK workspace  
15:44:36 INFO  : Processing command line option -hwspec C:/Users/wnagds/Desktop/hdmi_ov5640_2017/hdmi_ov5640_2017.sdk/system_wrapper.hdf.
15:49:01 INFO  : Connected to target on host '127.0.0.1' and port '3121'.
15:49:19 INFO  : ----------------XSDB Script----------------
connect -url tcp:127.0.0.1:3121
----------------End of Script----------------

15:49:45 INFO  : Connected to target on host '127.0.0.1' and port '3121'.
15:50:57 ERROR : Failed to connect to hardware server on host '127.0.0.1' and port '3121'.
Reason: 'connect -url tcp:127.0.0.1:3121' is cancelled.
15:50:57 INFO  : ----------------XSDB Script----------------
connect -url tcp:127.0.0.1:3121
----------------End of Script----------------

15:57:03 INFO  : Registering command handlers for SDK TCF services
15:57:03 INFO  : Launching XSCT server: xsct.bat -interactive C:\Users\wnagds\Desktop\hdmi_ov5640_2017\hdmi_ov5640_2017.sdk\temp_xsdb_launch_script.tcl
15:57:05 INFO  : XSCT server has started successfully.
15:57:06 INFO  : Successfully done setting XSCT server connection channel  
15:57:06 INFO  : Successfully done setting SDK workspace  
15:57:06 INFO  : Processing command line option -hwspec C:/Users/wnagds/Desktop/hdmi_ov5640_2017/hdmi_ov5640_2017.sdk/system_wrapper.hdf.
15:57:06 INFO  : Checking for hwspec changes in the project system_wrapper_hw_platform_0.
15:57:09 INFO  : Connected to target on host '127.0.0.1' and port '3121'.
15:57:09 INFO  : Jtag cable 'Digilent JTAG-HS1 210512180081' is selected.
15:57:09 INFO  : 'jtag frequency' command is executed.
15:57:09 INFO  : Sourcing of 'C:/Users/wnagds/Desktop/hdmi_ov5640_2017/hdmi_ov5640_2017.sdk/system_wrapper_hw_platform_0/ps7_init.tcl' is done.
15:57:09 INFO  : Context for 'APU' is selected.
15:57:09 INFO  : System reset is completed.
15:57:12 INFO  : 'after 3000' command is executed.
15:57:13 INFO  : 'targets -set -filter {jtag_cable_name =~ "Digilent JTAG-HS1 210512180081" && level==0} -index 1' command is executed.
15:57:16 INFO  : FPGA configured successfully with bitstream "C:/Users/wnagds/Desktop/hdmi_ov5640_2017/hdmi_ov5640_2017.sdk/system_wrapper_hw_platform_0/system_wrapper.bit"
15:57:16 INFO  : Context for 'APU' is selected.
15:57:16 INFO  : Hardware design information is loaded from 'C:/Users/wnagds/Desktop/hdmi_ov5640_2017/hdmi_ov5640_2017.sdk/system_wrapper_hw_platform_0/system.hdf'.
15:57:16 INFO  : 'configparams force-mem-access 1' command is executed.
15:57:16 INFO  : Context for 'APU' is selected.
15:57:16 INFO  : 'ps7_init' command is executed.
15:57:16 INFO  : 'ps7_post_config' command is executed.
15:57:16 INFO  : Context for processor 'ps7_cortexa9_0' is selected.
15:57:16 INFO  : The application 'C:/Users/wnagds/Desktop/hdmi_ov5640_2017/hdmi_ov5640_2017.sdk/hello/Debug/hello.elf' is downloaded to processor 'ps7_cortexa9_0'.
15:57:16 INFO  : 'configparams force-mem-access 0' command is executed.
15:57:16 INFO  : ----------------XSDB Script----------------
connect -url tcp:127.0.0.1:3121
source C:/Users/wnagds/Desktop/hdmi_ov5640_2017/hdmi_ov5640_2017.sdk/system_wrapper_hw_platform_0/ps7_init.tcl
targets -set -nocase -filter {name =~"APU*" && jtag_cable_name =~ "Digilent JTAG-HS1 210512180081"} -index 0
rst -system
after 3000
targets -set -filter {jtag_cable_name =~ "Digilent JTAG-HS1 210512180081" && level==0} -index 1
fpga -file C:/Users/wnagds/Desktop/hdmi_ov5640_2017/hdmi_ov5640_2017.sdk/system_wrapper_hw_platform_0/system_wrapper.bit
targets -set -nocase -filter {name =~"APU*" && jtag_cable_name =~ "Digilent JTAG-HS1 210512180081"} -index 0
loadhw -hw C:/Users/wnagds/Desktop/hdmi_ov5640_2017/hdmi_ov5640_2017.sdk/system_wrapper_hw_platform_0/system.hdf -mem-ranges [list {0x40000000 0xbfffffff}]
configparams force-mem-access 1
targets -set -nocase -filter {name =~"APU*" && jtag_cable_name =~ "Digilent JTAG-HS1 210512180081"} -index 0
ps7_init
ps7_post_config
targets -set -nocase -filter {name =~ "ARM*#0" && jtag_cable_name =~ "Digilent JTAG-HS1 210512180081"} -index 0
dow C:/Users/wnagds/Desktop/hdmi_ov5640_2017/hdmi_ov5640_2017.sdk/hello/Debug/hello.elf
configparams force-mem-access 0
----------------End of Script----------------

15:57:17 INFO  : Memory regions updated for context APU
15:57:17 INFO  : Context for processor 'ps7_cortexa9_0' is selected.
15:57:17 INFO  : 'con' command is executed.
15:57:17 INFO  : ----------------XSDB Script (After Launch)----------------
targets -set -nocase -filter {name =~ "ARM*#0" && jtag_cable_name =~ "Digilent JTAG-HS1 210512180081"} -index 0
con
----------------End of Script----------------

15:57:17 INFO  : Launch script is exported to file 'C:\Users\wnagds\Desktop\hdmi_ov5640_2017\hdmi_ov5640_2017.sdk\.sdk\launch_scripts\xilinx_c-c++_application_(system_debugger)\system_debugger_on_local.tcl'
15:59:42 INFO  : Disconnected from the channel tcfchan#1.
15:59:43 INFO  : Connected to target on host '127.0.0.1' and port '3121'.
15:59:43 INFO  : Jtag cable 'Digilent JTAG-HS1 210512180081' is selected.
15:59:43 INFO  : 'jtag frequency' command is executed.
15:59:43 INFO  : Sourcing of 'C:/Users/wnagds/Desktop/hdmi_ov5640_2017/hdmi_ov5640_2017.sdk/system_wrapper_hw_platform_0/ps7_init.tcl' is done.
15:59:43 INFO  : Context for 'APU' is selected.
15:59:44 INFO  : System reset is completed.
15:59:47 INFO  : 'after 3000' command is executed.
15:59:47 INFO  : 'targets -set -filter {jtag_cable_name =~ "Digilent JTAG-HS1 210512180081" && level==0} -index 1' command is executed.
15:59:50 INFO  : FPGA configured successfully with bitstream "C:/Users/wnagds/Desktop/hdmi_ov5640_2017/hdmi_ov5640_2017.sdk/system_wrapper_hw_platform_0/system_wrapper.bit"
15:59:50 INFO  : Context for 'APU' is selected.
15:59:51 INFO  : Hardware design information is loaded from 'C:/Users/wnagds/Desktop/hdmi_ov5640_2017/hdmi_ov5640_2017.sdk/system_wrapper_hw_platform_0/system.hdf'.
15:59:51 INFO  : 'configparams force-mem-access 1' command is executed.
15:59:51 INFO  : Context for 'APU' is selected.
15:59:51 INFO  : 'ps7_init' command is executed.
15:59:51 INFO  : 'ps7_post_config' command is executed.
15:59:51 INFO  : Context for processor 'ps7_cortexa9_0' is selected.
15:59:51 INFO  : The application 'C:/Users/wnagds/Desktop/hdmi_ov5640_2017/hdmi_ov5640_2017.sdk/hello/Debug/hello.elf' is downloaded to processor 'ps7_cortexa9_0'.
15:59:51 INFO  : 'configparams force-mem-access 0' command is executed.
15:59:51 INFO  : ----------------XSDB Script----------------
connect -url tcp:127.0.0.1:3121
source C:/Users/wnagds/Desktop/hdmi_ov5640_2017/hdmi_ov5640_2017.sdk/system_wrapper_hw_platform_0/ps7_init.tcl
targets -set -nocase -filter {name =~"APU*" && jtag_cable_name =~ "Digilent JTAG-HS1 210512180081"} -index 0
rst -system
after 3000
targets -set -filter {jtag_cable_name =~ "Digilent JTAG-HS1 210512180081" && level==0} -index 1
fpga -file C:/Users/wnagds/Desktop/hdmi_ov5640_2017/hdmi_ov5640_2017.sdk/system_wrapper_hw_platform_0/system_wrapper.bit
targets -set -nocase -filter {name =~"APU*" && jtag_cable_name =~ "Digilent JTAG-HS1 210512180081"} -index 0
loadhw -hw C:/Users/wnagds/Desktop/hdmi_ov5640_2017/hdmi_ov5640_2017.sdk/system_wrapper_hw_platform_0/system.hdf -mem-ranges [list {0x40000000 0xbfffffff}]
configparams force-mem-access 1
targets -set -nocase -filter {name =~"APU*" && jtag_cable_name =~ "Digilent JTAG-HS1 210512180081"} -index 0
ps7_init
ps7_post_config
targets -set -nocase -filter {name =~ "ARM*#0" && jtag_cable_name =~ "Digilent JTAG-HS1 210512180081"} -index 0
dow C:/Users/wnagds/Desktop/hdmi_ov5640_2017/hdmi_ov5640_2017.sdk/hello/Debug/hello.elf
configparams force-mem-access 0
----------------End of Script----------------

15:59:51 INFO  : Memory regions updated for context APU
15:59:51 INFO  : Context for processor 'ps7_cortexa9_0' is selected.
15:59:51 INFO  : 'con' command is executed.
15:59:51 INFO  : ----------------XSDB Script (After Launch)----------------
targets -set -nocase -filter {name =~ "ARM*#0" && jtag_cable_name =~ "Digilent JTAG-HS1 210512180081"} -index 0
con
----------------End of Script----------------

15:59:51 INFO  : Launch script is exported to file 'C:\Users\wnagds\Desktop\hdmi_ov5640_2017\hdmi_ov5640_2017.sdk\.sdk\launch_scripts\xilinx_c-c++_application_(system_debugger)\system_debugger_on_local.tcl'
16:02:26 INFO  : Disconnected from the channel tcfchan#2.
16:02:27 INFO  : Connected to target on host '127.0.0.1' and port '3121'.
16:02:27 INFO  : Jtag cable 'Digilent JTAG-HS1 210512180081' is selected.
16:02:27 INFO  : 'jtag frequency' command is executed.
16:02:27 INFO  : Sourcing of 'C:/Users/wnagds/Desktop/hdmi_ov5640_2017/hdmi_ov5640_2017.sdk/system_wrapper_hw_platform_0/ps7_init.tcl' is done.
16:02:27 INFO  : Context for 'APU' is selected.
16:02:27 INFO  : System reset is completed.
16:02:30 INFO  : 'after 3000' command is executed.
16:02:30 INFO  : 'targets -set -filter {jtag_cable_name =~ "Digilent JTAG-HS1 210512180081" && level==0} -index 1' command is executed.
16:02:33 INFO  : FPGA configured successfully with bitstream "C:/Users/wnagds/Desktop/hdmi_ov5640_2017/hdmi_ov5640_2017.sdk/system_wrapper_hw_platform_0/system_wrapper.bit"
16:02:33 INFO  : Context for 'APU' is selected.
16:02:34 INFO  : Hardware design information is loaded from 'C:/Users/wnagds/Desktop/hdmi_ov5640_2017/hdmi_ov5640_2017.sdk/system_wrapper_hw_platform_0/system.hdf'.
16:02:34 INFO  : 'configparams force-mem-access 1' command is executed.
16:02:34 INFO  : Context for 'APU' is selected.
16:02:34 INFO  : 'ps7_init' command is executed.
16:02:34 INFO  : 'ps7_post_config' command is executed.
16:02:34 INFO  : Context for processor 'ps7_cortexa9_0' is selected.
16:02:35 INFO  : The application 'C:/Users/wnagds/Desktop/hdmi_ov5640_2017/hdmi_ov5640_2017.sdk/hello/Debug/hello.elf' is downloaded to processor 'ps7_cortexa9_0'.
16:02:35 INFO  : 'configparams force-mem-access 0' command is executed.
16:02:35 INFO  : ----------------XSDB Script----------------
connect -url tcp:127.0.0.1:3121
source C:/Users/wnagds/Desktop/hdmi_ov5640_2017/hdmi_ov5640_2017.sdk/system_wrapper_hw_platform_0/ps7_init.tcl
targets -set -nocase -filter {name =~"APU*" && jtag_cable_name =~ "Digilent JTAG-HS1 210512180081"} -index 0
rst -system
after 3000
targets -set -filter {jtag_cable_name =~ "Digilent JTAG-HS1 210512180081" && level==0} -index 1
fpga -file C:/Users/wnagds/Desktop/hdmi_ov5640_2017/hdmi_ov5640_2017.sdk/system_wrapper_hw_platform_0/system_wrapper.bit
targets -set -nocase -filter {name =~"APU*" && jtag_cable_name =~ "Digilent JTAG-HS1 210512180081"} -index 0
loadhw -hw C:/Users/wnagds/Desktop/hdmi_ov5640_2017/hdmi_ov5640_2017.sdk/system_wrapper_hw_platform_0/system.hdf -mem-ranges [list {0x40000000 0xbfffffff}]
configparams force-mem-access 1
targets -set -nocase -filter {name =~"APU*" && jtag_cable_name =~ "Digilent JTAG-HS1 210512180081"} -index 0
ps7_init
ps7_post_config
targets -set -nocase -filter {name =~ "ARM*#0" && jtag_cable_name =~ "Digilent JTAG-HS1 210512180081"} -index 0
dow C:/Users/wnagds/Desktop/hdmi_ov5640_2017/hdmi_ov5640_2017.sdk/hello/Debug/hello.elf
configparams force-mem-access 0
----------------End of Script----------------

16:02:35 INFO  : Memory regions updated for context APU
16:02:35 INFO  : Context for processor 'ps7_cortexa9_0' is selected.
16:02:35 INFO  : 'con' command is executed.
16:02:35 INFO  : ----------------XSDB Script (After Launch)----------------
targets -set -nocase -filter {name =~ "ARM*#0" && jtag_cable_name =~ "Digilent JTAG-HS1 210512180081"} -index 0
con
----------------End of Script----------------

16:02:35 INFO  : Launch script is exported to file 'C:\Users\wnagds\Desktop\hdmi_ov5640_2017\hdmi_ov5640_2017.sdk\.sdk\launch_scripts\xilinx_c-c++_application_(system_debugger)\system_debugger_on_local.tcl'
16:19:30 INFO  : SDK has detected change in the last modified timestamps for source hardware specification file Source:1702455510149,  Project:1702453425263
16:19:30 INFO  : Project system_wrapper_hw_platform_0's source hardware specification located at C:/Users/wnagds/Desktop/hdmi_ov5640_2017/hdmi_ov5640_2017.sdk/system_wrapper.hdf is now different from the local copy.
		 The local copy will be replaced with the source specification and your workspace will be updated.
16:19:44 INFO  : Copied contents of C:/Users/wnagds/Desktop/hdmi_ov5640_2017/hdmi_ov5640_2017.sdk/system_wrapper.hdf into \system_wrapper_hw_platform_0\system.hdf.
16:19:48 INFO  : Synchronizing projects in the workspace with the hardware platform specification changes.
16:19:50 INFO  : 
16:19:51 INFO  : Updating hardware inferred compiler options for hello.
16:19:51 INFO  : Clearing existing target manager status.
16:19:51 WARN  : Given IPC port value is invalid. Using default port 2350
16:19:51 WARN  : Given XMD timeout value is invalid. Using default value of 50000
16:19:53 WARN  : Given XMD transaction timeout value is invalid. Using default value of 60000 milli seconds
16:26:13 INFO  : Disconnected from the channel tcfchan#3.
16:26:14 INFO  : Connected to target on host '127.0.0.1' and port '3121'.
16:26:14 INFO  : Jtag cable 'Digilent JTAG-HS1 210512180081' is selected.
16:26:14 INFO  : 'jtag frequency' command is executed.
16:26:14 INFO  : Sourcing of 'C:/Users/wnagds/Desktop/hdmi_ov5640_2017/hdmi_ov5640_2017.sdk/system_wrapper_hw_platform_0/ps7_init.tcl' is done.
16:26:14 INFO  : Context for 'APU' is selected.
16:26:14 INFO  : System reset is completed.
16:26:17 INFO  : 'after 3000' command is executed.
16:26:17 INFO  : 'targets -set -filter {jtag_cable_name =~ "Digilent JTAG-HS1 210512180081" && level==0} -index 1' command is executed.
16:26:20 INFO  : FPGA configured successfully with bitstream "C:/Users/wnagds/Desktop/hdmi_ov5640_2017/hdmi_ov5640_2017.sdk/system_wrapper_hw_platform_0/system_wrapper.bit"
16:26:21 INFO  : Context for 'APU' is selected.
16:26:21 INFO  : Hardware design information is loaded from 'C:/Users/wnagds/Desktop/hdmi_ov5640_2017/hdmi_ov5640_2017.sdk/system_wrapper_hw_platform_0/system.hdf'.
16:26:21 INFO  : 'configparams force-mem-access 1' command is executed.
16:26:21 INFO  : Context for 'APU' is selected.
16:26:21 INFO  : 'ps7_init' command is executed.
16:26:21 INFO  : 'ps7_post_config' command is executed.
16:26:21 INFO  : Context for processor 'ps7_cortexa9_0' is selected.
16:26:21 INFO  : The application 'C:/Users/wnagds/Desktop/hdmi_ov5640_2017/hdmi_ov5640_2017.sdk/app/Debug/app.elf' is downloaded to processor 'ps7_cortexa9_0'.
16:26:21 INFO  : 'configparams force-mem-access 0' command is executed.
16:26:21 INFO  : ----------------XSDB Script----------------
connect -url tcp:127.0.0.1:3121
source C:/Users/wnagds/Desktop/hdmi_ov5640_2017/hdmi_ov5640_2017.sdk/system_wrapper_hw_platform_0/ps7_init.tcl
targets -set -nocase -filter {name =~"APU*" && jtag_cable_name =~ "Digilent JTAG-HS1 210512180081"} -index 0
rst -system
after 3000
targets -set -filter {jtag_cable_name =~ "Digilent JTAG-HS1 210512180081" && level==0} -index 1
fpga -file C:/Users/wnagds/Desktop/hdmi_ov5640_2017/hdmi_ov5640_2017.sdk/system_wrapper_hw_platform_0/system_wrapper.bit
targets -set -nocase -filter {name =~"APU*" && jtag_cable_name =~ "Digilent JTAG-HS1 210512180081"} -index 0
loadhw -hw C:/Users/wnagds/Desktop/hdmi_ov5640_2017/hdmi_ov5640_2017.sdk/system_wrapper_hw_platform_0/system.hdf -mem-ranges [list {0x40000000 0xbfffffff}]
configparams force-mem-access 1
targets -set -nocase -filter {name =~"APU*" && jtag_cable_name =~ "Digilent JTAG-HS1 210512180081"} -index 0
ps7_init
ps7_post_config
targets -set -nocase -filter {name =~ "ARM*#0" && jtag_cable_name =~ "Digilent JTAG-HS1 210512180081"} -index 0
dow C:/Users/wnagds/Desktop/hdmi_ov5640_2017/hdmi_ov5640_2017.sdk/app/Debug/app.elf
configparams force-mem-access 0
----------------End of Script----------------

16:26:21 INFO  : Memory regions updated for context APU
16:26:21 INFO  : Context for processor 'ps7_cortexa9_0' is selected.
16:26:21 INFO  : 'con' command is executed.
16:26:21 INFO  : ----------------XSDB Script (After Launch)----------------
targets -set -nocase -filter {name =~ "ARM*#0" && jtag_cable_name =~ "Digilent JTAG-HS1 210512180081"} -index 0
con
----------------End of Script----------------

16:26:21 INFO  : Launch script is exported to file 'C:\Users\wnagds\Desktop\hdmi_ov5640_2017\hdmi_ov5640_2017.sdk\.sdk\launch_scripts\xilinx_c-c++_application_(system_debugger)\system_debugger_on_local.tcl'
16:41:12 INFO  : SDK has detected change in the last modified timestamps for source hardware specification file Source:1702456820480,  Project:1702455510149
16:41:12 INFO  : Project system_wrapper_hw_platform_0's source hardware specification located at C:/Users/wnagds/Desktop/hdmi_ov5640_2017/hdmi_ov5640_2017.sdk/system_wrapper.hdf is now different from the local copy.
		 The local copy will be replaced with the source specification and your workspace will be updated.
16:41:13 INFO  : Copied contents of C:/Users/wnagds/Desktop/hdmi_ov5640_2017/hdmi_ov5640_2017.sdk/system_wrapper.hdf into \system_wrapper_hw_platform_0\system.hdf.
16:41:18 INFO  : Synchronizing projects in the workspace with the hardware platform specification changes.
16:41:20 INFO  : 
16:41:23 INFO  : 
16:41:24 INFO  : Updating hardware inferred compiler options for app.
16:41:24 INFO  : Updating hardware inferred compiler options for hello.
16:41:24 INFO  : Clearing existing target manager status.
16:46:15 INFO  : Connected to target on host '127.0.0.1' and port '3121'.
16:46:24 INFO  : ----------------XSDB Script----------------
connect -url tcp:127.0.0.1:3121
----------------End of Script----------------

16:46:44 INFO  : Connected to target on host '127.0.0.1' and port '3121'.
16:46:44 INFO  : Jtag cable 'Digilent JTAG-HS1 210512180081' is selected.
16:46:44 INFO  : 'jtag frequency' command is executed.
16:46:44 INFO  : Sourcing of 'C:/Users/wnagds/Desktop/hdmi_ov5640_2017/hdmi_ov5640_2017.sdk/system_wrapper_hw_platform_0/ps7_init.tcl' is done.
16:46:44 INFO  : Context for 'APU' is selected.
16:46:44 INFO  : System reset is completed.
16:46:47 INFO  : 'after 3000' command is executed.
16:46:47 INFO  : 'targets -set -filter {jtag_cable_name =~ "Digilent JTAG-HS1 210512180081" && level==0} -index 1' command is executed.
16:46:50 INFO  : FPGA configured successfully with bitstream "C:/Users/wnagds/Desktop/hdmi_ov5640_2017/hdmi_ov5640_2017.sdk/system_wrapper_hw_platform_0/system_wrapper.bit"
16:46:50 INFO  : Context for 'APU' is selected.
16:46:50 INFO  : Hardware design information is loaded from 'C:/Users/wnagds/Desktop/hdmi_ov5640_2017/hdmi_ov5640_2017.sdk/system_wrapper_hw_platform_0/system.hdf'.
16:46:50 INFO  : 'configparams force-mem-access 1' command is executed.
16:46:50 INFO  : Context for 'APU' is selected.
16:46:51 INFO  : 'ps7_init' command is executed.
16:46:51 INFO  : 'ps7_post_config' command is executed.
16:46:51 INFO  : Context for processor 'ps7_cortexa9_0' is selected.
16:46:51 INFO  : The application 'C:/Users/wnagds/Desktop/hdmi_ov5640_2017/hdmi_ov5640_2017.sdk/app/Debug/app.elf' is downloaded to processor 'ps7_cortexa9_0'.
16:46:51 INFO  : 'configparams force-mem-access 0' command is executed.
16:46:51 INFO  : ----------------XSDB Script----------------
connect -url tcp:127.0.0.1:3121
source C:/Users/wnagds/Desktop/hdmi_ov5640_2017/hdmi_ov5640_2017.sdk/system_wrapper_hw_platform_0/ps7_init.tcl
targets -set -nocase -filter {name =~"APU*" && jtag_cable_name =~ "Digilent JTAG-HS1 210512180081"} -index 0
rst -system
after 3000
targets -set -filter {jtag_cable_name =~ "Digilent JTAG-HS1 210512180081" && level==0} -index 1
fpga -file C:/Users/wnagds/Desktop/hdmi_ov5640_2017/hdmi_ov5640_2017.sdk/system_wrapper_hw_platform_0/system_wrapper.bit
targets -set -nocase -filter {name =~"APU*" && jtag_cable_name =~ "Digilent JTAG-HS1 210512180081"} -index 0
loadhw -hw C:/Users/wnagds/Desktop/hdmi_ov5640_2017/hdmi_ov5640_2017.sdk/system_wrapper_hw_platform_0/system.hdf -mem-ranges [list {0x40000000 0xbfffffff}]
configparams force-mem-access 1
targets -set -nocase -filter {name =~"APU*" && jtag_cable_name =~ "Digilent JTAG-HS1 210512180081"} -index 0
ps7_init
ps7_post_config
targets -set -nocase -filter {name =~ "ARM*#0" && jtag_cable_name =~ "Digilent JTAG-HS1 210512180081"} -index 0
dow C:/Users/wnagds/Desktop/hdmi_ov5640_2017/hdmi_ov5640_2017.sdk/app/Debug/app.elf
configparams force-mem-access 0
----------------End of Script----------------

16:46:51 INFO  : Memory regions updated for context APU
16:46:51 INFO  : Context for processor 'ps7_cortexa9_0' is selected.
16:46:51 INFO  : 'con' command is executed.
16:46:51 INFO  : ----------------XSDB Script (After Launch)----------------
targets -set -nocase -filter {name =~ "ARM*#0" && jtag_cable_name =~ "Digilent JTAG-HS1 210512180081"} -index 0
con
----------------End of Script----------------

16:46:51 INFO  : Launch script is exported to file 'C:\Users\wnagds\Desktop\hdmi_ov5640_2017\hdmi_ov5640_2017.sdk\.sdk\launch_scripts\xilinx_c-c++_application_(system_debugger)\system_debugger_using_debug_app.elf_on_local.tcl'
16:48:06 INFO  : Disconnected from the channel tcfchan#4.
16:48:07 INFO  : Connected to target on host '127.0.0.1' and port '3121'.
16:48:07 INFO  : Jtag cable 'Digilent JTAG-HS1 210512180081' is selected.
16:48:07 INFO  : 'jtag frequency' command is executed.
16:48:07 INFO  : Sourcing of 'C:/Users/wnagds/Desktop/hdmi_ov5640_2017/hdmi_ov5640_2017.sdk/system_wrapper_hw_platform_0/ps7_init.tcl' is done.
16:48:07 INFO  : Context for 'APU' is selected.
16:48:07 INFO  : System reset is completed.
16:48:10 INFO  : 'after 3000' command is executed.
16:48:10 INFO  : 'targets -set -filter {jtag_cable_name =~ "Digilent JTAG-HS1 210512180081" && level==0} -index 1' command is executed.
16:48:14 INFO  : FPGA configured successfully with bitstream "C:/Users/wnagds/Desktop/hdmi_ov5640_2017/hdmi_ov5640_2017.sdk/system_wrapper_hw_platform_0/system_wrapper.bit"
16:48:14 INFO  : Context for 'APU' is selected.
16:48:14 INFO  : Hardware design information is loaded from 'C:/Users/wnagds/Desktop/hdmi_ov5640_2017/hdmi_ov5640_2017.sdk/system_wrapper_hw_platform_0/system.hdf'.
16:48:14 INFO  : 'configparams force-mem-access 1' command is executed.
16:48:14 INFO  : Context for 'APU' is selected.
16:48:14 INFO  : 'ps7_init' command is executed.
16:48:14 INFO  : 'ps7_post_config' command is executed.
16:48:14 INFO  : Context for processor 'ps7_cortexa9_0' is selected.
16:48:14 INFO  : The application 'C:/Users/wnagds/Desktop/hdmi_ov5640_2017/hdmi_ov5640_2017.sdk/app/Debug/app.elf' is downloaded to processor 'ps7_cortexa9_0'.
16:48:14 INFO  : 'configparams force-mem-access 0' command is executed.
16:48:14 INFO  : ----------------XSDB Script----------------
connect -url tcp:127.0.0.1:3121
source C:/Users/wnagds/Desktop/hdmi_ov5640_2017/hdmi_ov5640_2017.sdk/system_wrapper_hw_platform_0/ps7_init.tcl
targets -set -nocase -filter {name =~"APU*" && jtag_cable_name =~ "Digilent JTAG-HS1 210512180081"} -index 0
rst -system
after 3000
targets -set -filter {jtag_cable_name =~ "Digilent JTAG-HS1 210512180081" && level==0} -index 1
fpga -file C:/Users/wnagds/Desktop/hdmi_ov5640_2017/hdmi_ov5640_2017.sdk/system_wrapper_hw_platform_0/system_wrapper.bit
targets -set -nocase -filter {name =~"APU*" && jtag_cable_name =~ "Digilent JTAG-HS1 210512180081"} -index 0
loadhw -hw C:/Users/wnagds/Desktop/hdmi_ov5640_2017/hdmi_ov5640_2017.sdk/system_wrapper_hw_platform_0/system.hdf -mem-ranges [list {0x40000000 0xbfffffff}]
configparams force-mem-access 1
targets -set -nocase -filter {name =~"APU*" && jtag_cable_name =~ "Digilent JTAG-HS1 210512180081"} -index 0
ps7_init
ps7_post_config
targets -set -nocase -filter {name =~ "ARM*#0" && jtag_cable_name =~ "Digilent JTAG-HS1 210512180081"} -index 0
dow C:/Users/wnagds/Desktop/hdmi_ov5640_2017/hdmi_ov5640_2017.sdk/app/Debug/app.elf
configparams force-mem-access 0
----------------End of Script----------------

16:48:14 INFO  : Memory regions updated for context APU
16:48:14 INFO  : Context for processor 'ps7_cortexa9_0' is selected.
16:48:14 INFO  : 'con' command is executed.
16:48:14 INFO  : ----------------XSDB Script (After Launch)----------------
targets -set -nocase -filter {name =~ "ARM*#0" && jtag_cable_name =~ "Digilent JTAG-HS1 210512180081"} -index 0
con
----------------End of Script----------------

16:48:14 INFO  : Launch script is exported to file 'C:\Users\wnagds\Desktop\hdmi_ov5640_2017\hdmi_ov5640_2017.sdk\.sdk\launch_scripts\xilinx_c-c++_application_(system_debugger)\system_debugger_using_debug_app.elf_on_local.tcl'
17:06:51 INFO  : SDK has detected change in the last modified timestamps for source hardware specification file Source:1702458381428,  Project:1702456820480
17:06:51 INFO  : Project system_wrapper_hw_platform_0's source hardware specification located at C:/Users/wnagds/Desktop/hdmi_ov5640_2017/hdmi_ov5640_2017.sdk/system_wrapper.hdf is now different from the local copy.
		 The local copy will be replaced with the source specification and your workspace will be updated.
17:06:52 INFO  : Copied contents of C:/Users/wnagds/Desktop/hdmi_ov5640_2017/hdmi_ov5640_2017.sdk/system_wrapper.hdf into \system_wrapper_hw_platform_0\system.hdf.
17:06:55 INFO  : Synchronizing projects in the workspace with the hardware platform specification changes.
17:06:57 INFO  : 
17:06:59 INFO  : 
17:07:00 INFO  : Updating hardware inferred compiler options for app.
17:07:01 INFO  : Updating hardware inferred compiler options for hello.
17:07:01 INFO  : Clearing existing target manager status.
17:09:14 INFO  : Disconnected from the channel tcfchan#5.
17:09:15 INFO  : Connected to target on host '127.0.0.1' and port '3121'.
17:09:15 INFO  : Jtag cable 'Digilent JTAG-HS1 210512180081' is selected.
17:09:15 INFO  : 'jtag frequency' command is executed.
17:09:15 INFO  : Sourcing of 'C:/Users/wnagds/Desktop/hdmi_ov5640_2017/hdmi_ov5640_2017.sdk/system_wrapper_hw_platform_0/ps7_init.tcl' is done.
17:09:15 INFO  : Context for 'APU' is selected.
17:09:15 INFO  : System reset is completed.
17:09:18 INFO  : 'after 3000' command is executed.
17:09:18 INFO  : 'targets -set -filter {jtag_cable_name =~ "Digilent JTAG-HS1 210512180081" && level==0} -index 1' command is executed.
17:09:21 INFO  : FPGA configured successfully with bitstream "C:/Users/wnagds/Desktop/hdmi_ov5640_2017/hdmi_ov5640_2017.sdk/system_wrapper_hw_platform_0/system_wrapper.bit"
17:09:22 INFO  : Context for 'APU' is selected.
17:09:22 INFO  : Hardware design information is loaded from 'C:/Users/wnagds/Desktop/hdmi_ov5640_2017/hdmi_ov5640_2017.sdk/system_wrapper_hw_platform_0/system.hdf'.
17:09:22 INFO  : 'configparams force-mem-access 1' command is executed.
17:09:22 INFO  : Context for 'APU' is selected.
17:09:22 INFO  : 'ps7_init' command is executed.
17:09:22 INFO  : 'ps7_post_config' command is executed.
17:09:22 INFO  : Context for processor 'ps7_cortexa9_0' is selected.
17:09:22 INFO  : The application 'C:/Users/wnagds/Desktop/hdmi_ov5640_2017/hdmi_ov5640_2017.sdk/app/Debug/app.elf' is downloaded to processor 'ps7_cortexa9_0'.
17:09:22 INFO  : 'configparams force-mem-access 0' command is executed.
17:09:22 INFO  : ----------------XSDB Script----------------
connect -url tcp:127.0.0.1:3121
source C:/Users/wnagds/Desktop/hdmi_ov5640_2017/hdmi_ov5640_2017.sdk/system_wrapper_hw_platform_0/ps7_init.tcl
targets -set -nocase -filter {name =~"APU*" && jtag_cable_name =~ "Digilent JTAG-HS1 210512180081"} -index 0
rst -system
after 3000
targets -set -filter {jtag_cable_name =~ "Digilent JTAG-HS1 210512180081" && level==0} -index 1
fpga -file C:/Users/wnagds/Desktop/hdmi_ov5640_2017/hdmi_ov5640_2017.sdk/system_wrapper_hw_platform_0/system_wrapper.bit
targets -set -nocase -filter {name =~"APU*" && jtag_cable_name =~ "Digilent JTAG-HS1 210512180081"} -index 0
loadhw -hw C:/Users/wnagds/Desktop/hdmi_ov5640_2017/hdmi_ov5640_2017.sdk/system_wrapper_hw_platform_0/system.hdf -mem-ranges [list {0x40000000 0xbfffffff}]
configparams force-mem-access 1
targets -set -nocase -filter {name =~"APU*" && jtag_cable_name =~ "Digilent JTAG-HS1 210512180081"} -index 0
ps7_init
ps7_post_config
targets -set -nocase -filter {name =~ "ARM*#0" && jtag_cable_name =~ "Digilent JTAG-HS1 210512180081"} -index 0
dow C:/Users/wnagds/Desktop/hdmi_ov5640_2017/hdmi_ov5640_2017.sdk/app/Debug/app.elf
configparams force-mem-access 0
----------------End of Script----------------

17:09:22 INFO  : Memory regions updated for context APU
17:09:22 INFO  : Context for processor 'ps7_cortexa9_0' is selected.
17:09:22 INFO  : 'con' command is executed.
17:09:22 INFO  : ----------------XSDB Script (After Launch)----------------
targets -set -nocase -filter {name =~ "ARM*#0" && jtag_cable_name =~ "Digilent JTAG-HS1 210512180081"} -index 0
con
----------------End of Script----------------

17:09:22 INFO  : Launch script is exported to file 'C:\Users\wnagds\Desktop\hdmi_ov5640_2017\hdmi_ov5640_2017.sdk\.sdk\launch_scripts\xilinx_c-c++_application_(system_debugger)\system_debugger_using_debug_app.elf_on_local.tcl'
17:21:00 INFO  : SDK has detected change in the last modified timestamps for source hardware specification file Source:1702459176393,  Project:1702458381428
17:21:00 INFO  : Project system_wrapper_hw_platform_0's source hardware specification located at C:/Users/wnagds/Desktop/hdmi_ov5640_2017/hdmi_ov5640_2017.sdk/system_wrapper.hdf is now different from the local copy.
		 The local copy will be replaced with the source specification and your workspace will be updated.
17:21:05 INFO  : Copied contents of C:/Users/wnagds/Desktop/hdmi_ov5640_2017/hdmi_ov5640_2017.sdk/system_wrapper.hdf into \system_wrapper_hw_platform_0\system.hdf.
17:21:08 INFO  : Synchronizing projects in the workspace with the hardware platform specification changes.
17:21:10 INFO  : 
17:21:13 INFO  : 
17:21:14 INFO  : Updating hardware inferred compiler options for app.
17:21:14 INFO  : Updating hardware inferred compiler options for hello.
17:21:14 INFO  : Clearing existing target manager status.
17:23:25 INFO  : Disconnected from the channel tcfchan#6.
17:23:26 INFO  : Connected to target on host '127.0.0.1' and port '3121'.
17:23:35 INFO  : ----------------XSDB Script----------------
connect -url tcp:127.0.0.1:3121
----------------End of Script----------------

17:23:40 INFO  : Connected to target on host '127.0.0.1' and port '3121'.
17:23:40 INFO  : Jtag cable 'Digilent JTAG-HS1 210512180081' is selected.
17:23:40 INFO  : 'jtag frequency' command is executed.
17:23:40 INFO  : Sourcing of 'C:/Users/wnagds/Desktop/hdmi_ov5640_2017/hdmi_ov5640_2017.sdk/system_wrapper_hw_platform_0/ps7_init.tcl' is done.
17:23:40 INFO  : Context for 'APU' is selected.
17:23:40 INFO  : System reset is completed.
17:23:43 INFO  : 'after 3000' command is executed.
17:23:44 INFO  : 'targets -set -filter {jtag_cable_name =~ "Digilent JTAG-HS1 210512180081" && level==0} -index 1' command is executed.
17:23:47 INFO  : FPGA configured successfully with bitstream "C:/Users/wnagds/Desktop/hdmi_ov5640_2017/hdmi_ov5640_2017.sdk/system_wrapper_hw_platform_0/system_wrapper.bit"
17:23:47 INFO  : Context for 'APU' is selected.
17:23:47 INFO  : Hardware design information is loaded from 'C:/Users/wnagds/Desktop/hdmi_ov5640_2017/hdmi_ov5640_2017.sdk/system_wrapper_hw_platform_0/system.hdf'.
17:23:47 INFO  : 'configparams force-mem-access 1' command is executed.
17:23:47 INFO  : Context for 'APU' is selected.
17:23:47 INFO  : 'ps7_init' command is executed.
17:23:47 INFO  : 'ps7_post_config' command is executed.
17:23:47 INFO  : Context for processor 'ps7_cortexa9_0' is selected.
17:23:48 INFO  : The application 'C:/Users/wnagds/Desktop/hdmi_ov5640_2017/hdmi_ov5640_2017.sdk/app/Debug/app.elf' is downloaded to processor 'ps7_cortexa9_0'.
17:23:48 INFO  : 'configparams force-mem-access 0' command is executed.
17:23:48 INFO  : ----------------XSDB Script----------------
connect -url tcp:127.0.0.1:3121
source C:/Users/wnagds/Desktop/hdmi_ov5640_2017/hdmi_ov5640_2017.sdk/system_wrapper_hw_platform_0/ps7_init.tcl
targets -set -nocase -filter {name =~"APU*" && jtag_cable_name =~ "Digilent JTAG-HS1 210512180081"} -index 0
rst -system
after 3000
targets -set -filter {jtag_cable_name =~ "Digilent JTAG-HS1 210512180081" && level==0} -index 1
fpga -file C:/Users/wnagds/Desktop/hdmi_ov5640_2017/hdmi_ov5640_2017.sdk/system_wrapper_hw_platform_0/system_wrapper.bit
targets -set -nocase -filter {name =~"APU*" && jtag_cable_name =~ "Digilent JTAG-HS1 210512180081"} -index 0
loadhw -hw C:/Users/wnagds/Desktop/hdmi_ov5640_2017/hdmi_ov5640_2017.sdk/system_wrapper_hw_platform_0/system.hdf -mem-ranges [list {0x40000000 0xbfffffff}]
configparams force-mem-access 1
targets -set -nocase -filter {name =~"APU*" && jtag_cable_name =~ "Digilent JTAG-HS1 210512180081"} -index 0
ps7_init
ps7_post_config
targets -set -nocase -filter {name =~ "ARM*#0" && jtag_cable_name =~ "Digilent JTAG-HS1 210512180081"} -index 0
dow C:/Users/wnagds/Desktop/hdmi_ov5640_2017/hdmi_ov5640_2017.sdk/app/Debug/app.elf
configparams force-mem-access 0
----------------End of Script----------------

17:23:48 INFO  : Memory regions updated for context APU
17:23:48 INFO  : Context for processor 'ps7_cortexa9_0' is selected.
17:23:48 INFO  : 'con' command is executed.
17:23:48 INFO  : ----------------XSDB Script (After Launch)----------------
targets -set -nocase -filter {name =~ "ARM*#0" && jtag_cable_name =~ "Digilent JTAG-HS1 210512180081"} -index 0
con
----------------End of Script----------------

17:23:48 INFO  : Launch script is exported to file 'C:\Users\wnagds\Desktop\hdmi_ov5640_2017\hdmi_ov5640_2017.sdk\.sdk\launch_scripts\xilinx_c-c++_application_(system_debugger)\system_debugger_using_debug_app.elf_on_local.tcl'
17:37:15 INFO  : SDK has detected change in the last modified timestamps for source hardware specification file Source:1702460191827,  Project:1702459176393
17:37:15 INFO  : Project system_wrapper_hw_platform_0's source hardware specification located at C:/Users/wnagds/Desktop/hdmi_ov5640_2017/hdmi_ov5640_2017.sdk/system_wrapper.hdf is now different from the local copy.
		 The local copy will be replaced with the source specification and your workspace will be updated.
17:37:19 INFO  : Copied contents of C:/Users/wnagds/Desktop/hdmi_ov5640_2017/hdmi_ov5640_2017.sdk/system_wrapper.hdf into \system_wrapper_hw_platform_0\system.hdf.
17:37:23 INFO  : Synchronizing projects in the workspace with the hardware platform specification changes.
17:37:25 INFO  : 
17:37:27 INFO  : 
17:37:28 INFO  : Updating hardware inferred compiler options for app.
17:37:29 INFO  : Updating hardware inferred compiler options for hello.
17:37:29 INFO  : Clearing existing target manager status.
17:38:27 INFO  : Disconnected from the channel tcfchan#7.
17:38:28 INFO  : Connected to target on host '127.0.0.1' and port '3121'.
17:38:46 INFO  : ----------------XSDB Script----------------
connect -url tcp:127.0.0.1:3121
----------------End of Script----------------

17:38:56 INFO  : Connected to target on host '127.0.0.1' and port '3121'.
17:39:14 INFO  : ----------------XSDB Script----------------
connect -url tcp:127.0.0.1:3121
----------------End of Script----------------

17:39:56 INFO  : Connected to target on host '127.0.0.1' and port '3121'.
17:40:14 INFO  : ----------------XSDB Script----------------
connect -url tcp:127.0.0.1:3121
----------------End of Script----------------

17:40:39 WARN  : channel "tcfchan#4" closed
17:40:40 ERROR : Unexpected error while parsing XMD response ?: com.google.gson.JsonSyntaxException: com.google.gson.stream.MalformedJsonException: invalid number or unquoted string near 
17:49:36 INFO  : Registering command handlers for SDK TCF services
17:49:36 INFO  : Launching XSCT server: xsct.bat -interactive C:\Users\wnagds\Desktop\hdmi_ov5640_2017\hdmi_ov5640_2017.sdk\temp_xsdb_launch_script.tcl
17:49:38 INFO  : XSCT server has started successfully.
17:49:39 INFO  : Successfully done setting XSCT server connection channel  
17:49:39 INFO  : Successfully done setting SDK workspace  
17:49:39 INFO  : Processing command line option -hwspec C:/Users/wnagds/Desktop/hdmi_ov5640_2017/hdmi_ov5640_2017.sdk/system_wrapper.hdf.
17:49:39 INFO  : Checking for hwspec changes in the project system_wrapper_hw_platform_0.
17:50:12 INFO  : Connected to target on host '127.0.0.1' and port '3121'.
17:50:12 INFO  : Jtag cable 'Digilent JTAG-HS1 210512180081' is selected.
17:50:12 INFO  : 'jtag frequency' command is executed.
17:50:12 INFO  : Sourcing of 'C:/Users/wnagds/Desktop/hdmi_ov5640_2017/hdmi_ov5640_2017.sdk/system_wrapper_hw_platform_0/ps7_init.tcl' is done.
17:50:12 INFO  : Context for 'APU' is selected.
17:50:12 INFO  : System reset is completed.
17:50:15 INFO  : 'after 3000' command is executed.
17:50:16 INFO  : 'targets -set -filter {jtag_cable_name =~ "Digilent JTAG-HS1 210512180081" && level==0} -index 1' command is executed.
17:50:19 INFO  : FPGA configured successfully with bitstream "C:/Users/wnagds/Desktop/hdmi_ov5640_2017/hdmi_ov5640_2017.sdk/system_wrapper_hw_platform_0/system_wrapper.bit"
17:50:19 INFO  : Context for 'APU' is selected.
17:50:19 INFO  : Hardware design information is loaded from 'C:/Users/wnagds/Desktop/hdmi_ov5640_2017/hdmi_ov5640_2017.sdk/system_wrapper_hw_platform_0/system.hdf'.
17:50:19 INFO  : 'configparams force-mem-access 1' command is executed.
17:50:19 INFO  : Context for 'APU' is selected.
17:50:19 INFO  : 'ps7_init' command is executed.
17:50:19 INFO  : 'ps7_post_config' command is executed.
17:50:19 INFO  : Context for processor 'ps7_cortexa9_0' is selected.
17:50:19 INFO  : The application 'C:/Users/wnagds/Desktop/hdmi_ov5640_2017/hdmi_ov5640_2017.sdk/app/Debug/app.elf' is downloaded to processor 'ps7_cortexa9_0'.
17:50:19 INFO  : 'configparams force-mem-access 0' command is executed.
17:50:19 INFO  : ----------------XSDB Script----------------
connect -url tcp:127.0.0.1:3121
source C:/Users/wnagds/Desktop/hdmi_ov5640_2017/hdmi_ov5640_2017.sdk/system_wrapper_hw_platform_0/ps7_init.tcl
targets -set -nocase -filter {name =~"APU*" && jtag_cable_name =~ "Digilent JTAG-HS1 210512180081"} -index 0
rst -system
after 3000
targets -set -filter {jtag_cable_name =~ "Digilent JTAG-HS1 210512180081" && level==0} -index 1
fpga -file C:/Users/wnagds/Desktop/hdmi_ov5640_2017/hdmi_ov5640_2017.sdk/system_wrapper_hw_platform_0/system_wrapper.bit
targets -set -nocase -filter {name =~"APU*" && jtag_cable_name =~ "Digilent JTAG-HS1 210512180081"} -index 0
loadhw -hw C:/Users/wnagds/Desktop/hdmi_ov5640_2017/hdmi_ov5640_2017.sdk/system_wrapper_hw_platform_0/system.hdf -mem-ranges [list {0x40000000 0xbfffffff}]
configparams force-mem-access 1
targets -set -nocase -filter {name =~"APU*" && jtag_cable_name =~ "Digilent JTAG-HS1 210512180081"} -index 0
ps7_init
ps7_post_config
targets -set -nocase -filter {name =~ "ARM*#0" && jtag_cable_name =~ "Digilent JTAG-HS1 210512180081"} -index 0
dow C:/Users/wnagds/Desktop/hdmi_ov5640_2017/hdmi_ov5640_2017.sdk/app/Debug/app.elf
configparams force-mem-access 0
----------------End of Script----------------

17:50:20 INFO  : Memory regions updated for context APU
17:50:20 INFO  : Context for processor 'ps7_cortexa9_0' is selected.
17:50:20 INFO  : 'con' command is executed.
17:50:20 INFO  : ----------------XSDB Script (After Launch)----------------
targets -set -nocase -filter {name =~ "ARM*#0" && jtag_cable_name =~ "Digilent JTAG-HS1 210512180081"} -index 0
con
----------------End of Script----------------

17:50:20 INFO  : Launch script is exported to file 'C:\Users\wnagds\Desktop\hdmi_ov5640_2017\hdmi_ov5640_2017.sdk\.sdk\launch_scripts\xilinx_c-c++_application_(system_debugger)\system_debugger_using_debug_app.elf_on_local.tcl'
19:31:23 INFO  : SDK has detected change in the last modified timestamps for source hardware specification file Source:1702466965977,  Project:1702460191827
19:31:23 INFO  : Project system_wrapper_hw_platform_0's source hardware specification located at C:/Users/wnagds/Desktop/hdmi_ov5640_2017/hdmi_ov5640_2017.sdk/system_wrapper.hdf is now different from the local copy.
		 The local copy will be replaced with the source specification and your workspace will be updated.
19:31:48 INFO  : Copied contents of C:/Users/wnagds/Desktop/hdmi_ov5640_2017/hdmi_ov5640_2017.sdk/system_wrapper.hdf into \system_wrapper_hw_platform_0\system.hdf.
19:31:52 INFO  : Synchronizing projects in the workspace with the hardware platform specification changes.
19:31:54 INFO  : 
19:31:56 INFO  : 
19:31:57 INFO  : Updating hardware inferred compiler options for app.
19:31:58 INFO  : Updating hardware inferred compiler options for hello.
19:31:58 INFO  : Clearing existing target manager status.
19:31:58 WARN  : Given IPC port value is invalid. Using default port 2350
19:31:58 WARN  : Given XMD timeout value is invalid. Using default value of 50000
19:31:59 WARN  : Given XMD transaction timeout value is invalid. Using default value of 60000 milli seconds
19:31:59 INFO  : Workspace synchronized with the new hardware specification file. Cleaning dependent projects...
19:32:01 WARN  : Linker script will not be updated automatically. Users need to update it manually.
19:32:59 INFO  : Disconnected from the channel tcfchan#1.
19:33:01 INFO  : Connected to target on host '127.0.0.1' and port '3121'.
19:33:01 INFO  : Jtag cable 'Digilent JTAG-HS1 210512180081' is selected.
19:33:01 INFO  : 'jtag frequency' command is executed.
19:33:01 INFO  : Sourcing of 'C:/Users/wnagds/Desktop/hdmi_ov5640_2017/hdmi_ov5640_2017.sdk/system_wrapper_hw_platform_0/ps7_init.tcl' is done.
19:33:01 INFO  : Context for 'APU' is selected.
19:33:01 INFO  : System reset is completed.
19:33:04 INFO  : 'after 3000' command is executed.
19:33:04 INFO  : 'targets -set -filter {jtag_cable_name =~ "Digilent JTAG-HS1 210512180081" && level==0} -index 1' command is executed.
19:33:07 INFO  : FPGA configured successfully with bitstream "C:/Users/wnagds/Desktop/hdmi_ov5640_2017/hdmi_ov5640_2017.sdk/system_wrapper_hw_platform_0/system_wrapper.bit"
19:33:07 INFO  : Context for 'APU' is selected.
19:33:07 INFO  : Hardware design information is loaded from 'C:/Users/wnagds/Desktop/hdmi_ov5640_2017/hdmi_ov5640_2017.sdk/system_wrapper_hw_platform_0/system.hdf'.
19:33:07 INFO  : 'configparams force-mem-access 1' command is executed.
19:33:07 INFO  : Context for 'APU' is selected.
19:33:08 INFO  : 'ps7_init' command is executed.
19:33:08 INFO  : 'ps7_post_config' command is executed.
19:33:08 INFO  : Context for processor 'ps7_cortexa9_0' is selected.
19:33:08 INFO  : The application 'C:/Users/wnagds/Desktop/hdmi_ov5640_2017/hdmi_ov5640_2017.sdk/app/Debug/app.elf' is downloaded to processor 'ps7_cortexa9_0'.
19:33:08 INFO  : 'configparams force-mem-access 0' command is executed.
19:33:08 INFO  : ----------------XSDB Script----------------
connect -url tcp:127.0.0.1:3121
source C:/Users/wnagds/Desktop/hdmi_ov5640_2017/hdmi_ov5640_2017.sdk/system_wrapper_hw_platform_0/ps7_init.tcl
targets -set -nocase -filter {name =~"APU*" && jtag_cable_name =~ "Digilent JTAG-HS1 210512180081"} -index 0
rst -system
after 3000
targets -set -filter {jtag_cable_name =~ "Digilent JTAG-HS1 210512180081" && level==0} -index 1
fpga -file C:/Users/wnagds/Desktop/hdmi_ov5640_2017/hdmi_ov5640_2017.sdk/system_wrapper_hw_platform_0/system_wrapper.bit
targets -set -nocase -filter {name =~"APU*" && jtag_cable_name =~ "Digilent JTAG-HS1 210512180081"} -index 0
loadhw -hw C:/Users/wnagds/Desktop/hdmi_ov5640_2017/hdmi_ov5640_2017.sdk/system_wrapper_hw_platform_0/system.hdf -mem-ranges [list {0x40000000 0xbfffffff}]
configparams force-mem-access 1
targets -set -nocase -filter {name =~"APU*" && jtag_cable_name =~ "Digilent JTAG-HS1 210512180081"} -index 0
ps7_init
ps7_post_config
targets -set -nocase -filter {name =~ "ARM*#0" && jtag_cable_name =~ "Digilent JTAG-HS1 210512180081"} -index 0
dow C:/Users/wnagds/Desktop/hdmi_ov5640_2017/hdmi_ov5640_2017.sdk/app/Debug/app.elf
configparams force-mem-access 0
----------------End of Script----------------

19:33:08 INFO  : Memory regions updated for context APU
19:33:08 INFO  : Context for processor 'ps7_cortexa9_0' is selected.
19:33:08 INFO  : 'con' command is executed.
19:33:08 INFO  : ----------------XSDB Script (After Launch)----------------
targets -set -nocase -filter {name =~ "ARM*#0" && jtag_cable_name =~ "Digilent JTAG-HS1 210512180081"} -index 0
con
----------------End of Script----------------

19:33:08 INFO  : Launch script is exported to file 'C:\Users\wnagds\Desktop\hdmi_ov5640_2017\hdmi_ov5640_2017.sdk\.sdk\launch_scripts\xilinx_c-c++_application_(system_debugger)\system_debugger_using_debug_app.elf_on_local.tcl'
19:54:13 INFO  : SDK has detected change in the last modified timestamps for source hardware specification file Source:1702468220472,  Project:1702466965977
19:54:13 INFO  : Project system_wrapper_hw_platform_0's source hardware specification located at C:/Users/wnagds/Desktop/hdmi_ov5640_2017/hdmi_ov5640_2017.sdk/system_wrapper.hdf is now different from the local copy.
		 The local copy will be replaced with the source specification and your workspace will be updated.
19:54:16 INFO  : Copied contents of C:/Users/wnagds/Desktop/hdmi_ov5640_2017/hdmi_ov5640_2017.sdk/system_wrapper.hdf into \system_wrapper_hw_platform_0\system.hdf.
19:54:20 INFO  : Synchronizing projects in the workspace with the hardware platform specification changes.
19:54:21 INFO  : 
19:54:23 INFO  : 
19:54:24 INFO  : Updating hardware inferred compiler options for app.
19:54:25 INFO  : Updating hardware inferred compiler options for hello.
19:54:25 INFO  : Clearing existing target manager status.
19:54:25 INFO  : Workspace synchronized with the new hardware specification file. Cleaning dependent projects...
19:54:27 WARN  : Linker script will not be updated automatically. Users need to update it manually.
19:56:59 INFO  : Disconnected from the channel tcfchan#2.
19:57:00 INFO  : Connected to target on host '127.0.0.1' and port '3121'.
19:57:01 INFO  : Jtag cable 'Digilent JTAG-HS1 210512180081' is selected.
19:57:01 INFO  : 'jtag frequency' command is executed.
19:57:01 INFO  : Sourcing of 'C:/Users/wnagds/Desktop/hdmi_ov5640_2017/hdmi_ov5640_2017.sdk/system_wrapper_hw_platform_0/ps7_init.tcl' is done.
19:57:01 INFO  : Context for 'APU' is selected.
19:57:01 INFO  : System reset is completed.
19:57:04 INFO  : 'after 3000' command is executed.
19:57:04 INFO  : 'targets -set -filter {jtag_cable_name =~ "Digilent JTAG-HS1 210512180081" && level==0} -index 1' command is executed.
19:57:07 INFO  : FPGA configured successfully with bitstream "C:/Users/wnagds/Desktop/hdmi_ov5640_2017/hdmi_ov5640_2017.sdk/system_wrapper_hw_platform_0/system_wrapper.bit"
19:57:07 INFO  : Context for 'APU' is selected.
19:57:07 INFO  : Hardware design information is loaded from 'C:/Users/wnagds/Desktop/hdmi_ov5640_2017/hdmi_ov5640_2017.sdk/system_wrapper_hw_platform_0/system.hdf'.
19:57:07 INFO  : 'configparams force-mem-access 1' command is executed.
19:57:07 INFO  : Context for 'APU' is selected.
19:57:08 INFO  : 'ps7_init' command is executed.
19:57:08 INFO  : 'ps7_post_config' command is executed.
19:57:08 INFO  : Context for processor 'ps7_cortexa9_0' is selected.
19:57:08 INFO  : The application 'C:/Users/wnagds/Desktop/hdmi_ov5640_2017/hdmi_ov5640_2017.sdk/app/Debug/app.elf' is downloaded to processor 'ps7_cortexa9_0'.
19:57:08 INFO  : 'configparams force-mem-access 0' command is executed.
19:57:08 INFO  : ----------------XSDB Script----------------
connect -url tcp:127.0.0.1:3121
source C:/Users/wnagds/Desktop/hdmi_ov5640_2017/hdmi_ov5640_2017.sdk/system_wrapper_hw_platform_0/ps7_init.tcl
targets -set -nocase -filter {name =~"APU*" && jtag_cable_name =~ "Digilent JTAG-HS1 210512180081"} -index 0
rst -system
after 3000
targets -set -filter {jtag_cable_name =~ "Digilent JTAG-HS1 210512180081" && level==0} -index 1
fpga -file C:/Users/wnagds/Desktop/hdmi_ov5640_2017/hdmi_ov5640_2017.sdk/system_wrapper_hw_platform_0/system_wrapper.bit
targets -set -nocase -filter {name =~"APU*" && jtag_cable_name =~ "Digilent JTAG-HS1 210512180081"} -index 0
loadhw -hw C:/Users/wnagds/Desktop/hdmi_ov5640_2017/hdmi_ov5640_2017.sdk/system_wrapper_hw_platform_0/system.hdf -mem-ranges [list {0x40000000 0xbfffffff}]
configparams force-mem-access 1
targets -set -nocase -filter {name =~"APU*" && jtag_cable_name =~ "Digilent JTAG-HS1 210512180081"} -index 0
ps7_init
ps7_post_config
targets -set -nocase -filter {name =~ "ARM*#0" && jtag_cable_name =~ "Digilent JTAG-HS1 210512180081"} -index 0
dow C:/Users/wnagds/Desktop/hdmi_ov5640_2017/hdmi_ov5640_2017.sdk/app/Debug/app.elf
configparams force-mem-access 0
----------------End of Script----------------

19:57:08 INFO  : Memory regions updated for context APU
19:57:08 INFO  : Context for processor 'ps7_cortexa9_0' is selected.
19:57:08 INFO  : 'con' command is executed.
19:57:08 INFO  : ----------------XSDB Script (After Launch)----------------
targets -set -nocase -filter {name =~ "ARM*#0" && jtag_cable_name =~ "Digilent JTAG-HS1 210512180081"} -index 0
con
----------------End of Script----------------

19:57:08 INFO  : Launch script is exported to file 'C:\Users\wnagds\Desktop\hdmi_ov5640_2017\hdmi_ov5640_2017.sdk\.sdk\launch_scripts\xilinx_c-c++_application_(system_debugger)\system_debugger_using_debug_app.elf_on_local.tcl'
20:19:59 INFO  : Disconnected from the channel tcfchan#3.
20:20:02 ERROR : Unexpected error while parsing XMD response ?: com.google.gson.JsonSyntaxException: com.google.gson.stream.MalformedJsonException: invalid number or unquoted string near 
21:47:08 INFO  : Registering command handlers for SDK TCF services
21:47:09 INFO  : Launching XSCT server: xsct.bat -interactive C:\Users\wnagds\Desktop\hdmi_ov5640_2017\hdmi_ov5640_2017.sdk\temp_xsdb_launch_script.tcl
21:47:11 INFO  : XSCT server has started successfully.
21:47:12 INFO  : Successfully done setting XSCT server connection channel  
21:47:12 INFO  : Successfully done setting SDK workspace  
21:47:12 INFO  : Processing command line option -hwspec C:/Users/wnagds/Desktop/hdmi_ov5640_2017/hdmi_ov5640_2017.sdk/system_wrapper.hdf.
21:47:12 INFO  : Checking for hwspec changes in the project system_wrapper_hw_platform_0.
21:47:44 INFO  : Connected to target on host '127.0.0.1' and port '3121'.
21:48:02 INFO  : ----------------XSDB Script----------------
connect -url tcp:127.0.0.1:3121
----------------End of Script----------------

21:48:33 INFO  : Connected to target on host '127.0.0.1' and port '3121'.
21:48:33 INFO  : Jtag cable 'Digilent JTAG-HS1 210512180081' is selected.
21:48:33 INFO  : 'jtag frequency' command is executed.
21:48:33 INFO  : Sourcing of 'C:/Users/wnagds/Desktop/hdmi_ov5640_2017/hdmi_ov5640_2017.sdk/system_wrapper_hw_platform_0/ps7_init.tcl' is done.
21:48:33 INFO  : Context for 'APU' is selected.
21:48:33 INFO  : System reset is completed.
21:48:36 INFO  : 'after 3000' command is executed.
21:48:36 INFO  : 'targets -set -filter {jtag_cable_name =~ "Digilent JTAG-HS1 210512180081" && level==0} -index 1' command is executed.
21:48:39 INFO  : FPGA configured successfully with bitstream "C:/Users/wnagds/Desktop/hdmi_ov5640_2017/hdmi_ov5640_2017.sdk/system_wrapper_hw_platform_0/system_wrapper.bit"
21:48:40 INFO  : Context for 'APU' is selected.
21:48:40 INFO  : Hardware design information is loaded from 'C:/Users/wnagds/Desktop/hdmi_ov5640_2017/hdmi_ov5640_2017.sdk/system_wrapper_hw_platform_0/system.hdf'.
21:48:40 INFO  : 'configparams force-mem-access 1' command is executed.
21:48:40 INFO  : Context for 'APU' is selected.
21:48:40 INFO  : 'ps7_init' command is executed.
21:48:40 INFO  : 'ps7_post_config' command is executed.
21:48:40 INFO  : Context for processor 'ps7_cortexa9_0' is selected.
21:48:40 INFO  : The application 'C:/Users/wnagds/Desktop/hdmi_ov5640_2017/hdmi_ov5640_2017.sdk/app/Debug/app.elf' is downloaded to processor 'ps7_cortexa9_0'.
21:48:40 INFO  : 'configparams force-mem-access 0' command is executed.
21:48:40 INFO  : ----------------XSDB Script----------------
connect -url tcp:127.0.0.1:3121
source C:/Users/wnagds/Desktop/hdmi_ov5640_2017/hdmi_ov5640_2017.sdk/system_wrapper_hw_platform_0/ps7_init.tcl
targets -set -nocase -filter {name =~"APU*" && jtag_cable_name =~ "Digilent JTAG-HS1 210512180081"} -index 0
rst -system
after 3000
targets -set -filter {jtag_cable_name =~ "Digilent JTAG-HS1 210512180081" && level==0} -index 1
fpga -file C:/Users/wnagds/Desktop/hdmi_ov5640_2017/hdmi_ov5640_2017.sdk/system_wrapper_hw_platform_0/system_wrapper.bit
targets -set -nocase -filter {name =~"APU*" && jtag_cable_name =~ "Digilent JTAG-HS1 210512180081"} -index 0
loadhw -hw C:/Users/wnagds/Desktop/hdmi_ov5640_2017/hdmi_ov5640_2017.sdk/system_wrapper_hw_platform_0/system.hdf -mem-ranges [list {0x40000000 0xbfffffff}]
configparams force-mem-access 1
targets -set -nocase -filter {name =~"APU*" && jtag_cable_name =~ "Digilent JTAG-HS1 210512180081"} -index 0
ps7_init
ps7_post_config
targets -set -nocase -filter {name =~ "ARM*#0" && jtag_cable_name =~ "Digilent JTAG-HS1 210512180081"} -index 0
dow C:/Users/wnagds/Desktop/hdmi_ov5640_2017/hdmi_ov5640_2017.sdk/app/Debug/app.elf
configparams force-mem-access 0
----------------End of Script----------------

21:48:40 INFO  : Memory regions updated for context APU
21:48:40 INFO  : Context for processor 'ps7_cortexa9_0' is selected.
21:48:40 INFO  : 'con' command is executed.
21:48:40 INFO  : ----------------XSDB Script (After Launch)----------------
targets -set -nocase -filter {name =~ "ARM*#0" && jtag_cable_name =~ "Digilent JTAG-HS1 210512180081"} -index 0
con
----------------End of Script----------------

21:48:40 INFO  : Launch script is exported to file 'C:\Users\wnagds\Desktop\hdmi_ov5640_2017\hdmi_ov5640_2017.sdk\.sdk\launch_scripts\xilinx_c-c++_application_(system_debugger)\system_debugger_using_debug_app.elf_on_local.tcl'
21:49:10 INFO  : Disconnected from the channel tcfchan#1.
21:49:11 INFO  : Connected to target on host '127.0.0.1' and port '3121'.
21:49:11 INFO  : Jtag cable 'Digilent JTAG-HS1 210512180081' is selected.
21:49:11 INFO  : 'jtag frequency' command is executed.
21:49:11 INFO  : Sourcing of 'C:/Users/wnagds/Desktop/hdmi_ov5640_2017/hdmi_ov5640_2017.sdk/system_wrapper_hw_platform_0/ps7_init.tcl' is done.
21:49:11 INFO  : Context for 'APU' is selected.
21:49:11 INFO  : System reset is completed.
21:49:14 INFO  : 'after 3000' command is executed.
21:49:14 INFO  : 'targets -set -filter {jtag_cable_name =~ "Digilent JTAG-HS1 210512180081" && level==0} -index 1' command is executed.
21:49:17 INFO  : FPGA configured successfully with bitstream "C:/Users/wnagds/Desktop/hdmi_ov5640_2017/hdmi_ov5640_2017.sdk/system_wrapper_hw_platform_0/system_wrapper.bit"
21:49:17 INFO  : Context for 'APU' is selected.
21:49:19 INFO  : Hardware design information is loaded from 'C:/Users/wnagds/Desktop/hdmi_ov5640_2017/hdmi_ov5640_2017.sdk/system_wrapper_hw_platform_0/system.hdf'.
21:49:19 INFO  : 'configparams force-mem-access 1' command is executed.
21:49:19 INFO  : Context for 'APU' is selected.
21:49:19 INFO  : 'ps7_init' command is executed.
21:49:19 INFO  : 'ps7_post_config' command is executed.
21:49:20 INFO  : Context for processor 'ps7_cortexa9_0' is selected.
21:49:20 INFO  : The application 'C:/Users/wnagds/Desktop/hdmi_ov5640_2017/hdmi_ov5640_2017.sdk/app/Debug/app.elf' is downloaded to processor 'ps7_cortexa9_0'.
21:49:20 INFO  : 'configparams force-mem-access 0' command is executed.
21:49:20 INFO  : ----------------XSDB Script----------------
connect -url tcp:127.0.0.1:3121
source C:/Users/wnagds/Desktop/hdmi_ov5640_2017/hdmi_ov5640_2017.sdk/system_wrapper_hw_platform_0/ps7_init.tcl
targets -set -nocase -filter {name =~"APU*" && jtag_cable_name =~ "Digilent JTAG-HS1 210512180081"} -index 0
rst -system
after 3000
targets -set -filter {jtag_cable_name =~ "Digilent JTAG-HS1 210512180081" && level==0} -index 1
fpga -file C:/Users/wnagds/Desktop/hdmi_ov5640_2017/hdmi_ov5640_2017.sdk/system_wrapper_hw_platform_0/system_wrapper.bit
targets -set -nocase -filter {name =~"APU*" && jtag_cable_name =~ "Digilent JTAG-HS1 210512180081"} -index 0
loadhw -hw C:/Users/wnagds/Desktop/hdmi_ov5640_2017/hdmi_ov5640_2017.sdk/system_wrapper_hw_platform_0/system.hdf -mem-ranges [list {0x40000000 0xbfffffff}]
configparams force-mem-access 1
targets -set -nocase -filter {name =~"APU*" && jtag_cable_name =~ "Digilent JTAG-HS1 210512180081"} -index 0
ps7_init
ps7_post_config
targets -set -nocase -filter {name =~ "ARM*#0" && jtag_cable_name =~ "Digilent JTAG-HS1 210512180081"} -index 0
dow C:/Users/wnagds/Desktop/hdmi_ov5640_2017/hdmi_ov5640_2017.sdk/app/Debug/app.elf
configparams force-mem-access 0
----------------End of Script----------------

21:49:20 INFO  : Memory regions updated for context APU
21:49:20 INFO  : Context for processor 'ps7_cortexa9_0' is selected.
21:49:20 INFO  : 'con' command is executed.
21:49:20 INFO  : ----------------XSDB Script (After Launch)----------------
targets -set -nocase -filter {name =~ "ARM*#0" && jtag_cable_name =~ "Digilent JTAG-HS1 210512180081"} -index 0
con
----------------End of Script----------------

21:49:20 INFO  : Launch script is exported to file 'C:\Users\wnagds\Desktop\hdmi_ov5640_2017\hdmi_ov5640_2017.sdk\.sdk\launch_scripts\xilinx_c-c++_application_(system_debugger)\system_debugger_using_debug_app.elf_on_local.tcl'
21:49:25 INFO  : Disconnected from the channel tcfchan#2.
21:49:26 INFO  : Connected to target on host '127.0.0.1' and port '3121'.
21:49:26 INFO  : Jtag cable 'Digilent JTAG-HS1 210512180081' is selected.
21:49:26 INFO  : 'jtag frequency' command is executed.
21:49:26 INFO  : Sourcing of 'C:/Users/wnagds/Desktop/hdmi_ov5640_2017/hdmi_ov5640_2017.sdk/system_wrapper_hw_platform_0/ps7_init.tcl' is done.
21:49:26 INFO  : Context for 'APU' is selected.
21:49:27 INFO  : System reset is completed.
21:49:30 INFO  : 'after 3000' command is executed.
21:49:30 INFO  : 'targets -set -filter {jtag_cable_name =~ "Digilent JTAG-HS1 210512180081" && level==0} -index 1' command is executed.
21:49:33 INFO  : FPGA configured successfully with bitstream "C:/Users/wnagds/Desktop/hdmi_ov5640_2017/hdmi_ov5640_2017.sdk/system_wrapper_hw_platform_0/system_wrapper.bit"
21:49:33 INFO  : Context for 'APU' is selected.
21:49:35 INFO  : Hardware design information is loaded from 'C:/Users/wnagds/Desktop/hdmi_ov5640_2017/hdmi_ov5640_2017.sdk/system_wrapper_hw_platform_0/system.hdf'.
21:49:35 INFO  : 'configparams force-mem-access 1' command is executed.
21:49:35 INFO  : Context for 'APU' is selected.
21:49:35 INFO  : 'ps7_init' command is executed.
21:49:35 INFO  : 'ps7_post_config' command is executed.
21:49:35 INFO  : Context for processor 'ps7_cortexa9_0' is selected.
21:49:35 INFO  : The application 'C:/Users/wnagds/Desktop/hdmi_ov5640_2017/hdmi_ov5640_2017.sdk/app/Debug/app.elf' is downloaded to processor 'ps7_cortexa9_0'.
21:49:35 INFO  : 'configparams force-mem-access 0' command is executed.
21:49:35 INFO  : ----------------XSDB Script----------------
connect -url tcp:127.0.0.1:3121
source C:/Users/wnagds/Desktop/hdmi_ov5640_2017/hdmi_ov5640_2017.sdk/system_wrapper_hw_platform_0/ps7_init.tcl
targets -set -nocase -filter {name =~"APU*" && jtag_cable_name =~ "Digilent JTAG-HS1 210512180081"} -index 0
rst -system
after 3000
targets -set -filter {jtag_cable_name =~ "Digilent JTAG-HS1 210512180081" && level==0} -index 1
fpga -file C:/Users/wnagds/Desktop/hdmi_ov5640_2017/hdmi_ov5640_2017.sdk/system_wrapper_hw_platform_0/system_wrapper.bit
targets -set -nocase -filter {name =~"APU*" && jtag_cable_name =~ "Digilent JTAG-HS1 210512180081"} -index 0
loadhw -hw C:/Users/wnagds/Desktop/hdmi_ov5640_2017/hdmi_ov5640_2017.sdk/system_wrapper_hw_platform_0/system.hdf -mem-ranges [list {0x40000000 0xbfffffff}]
configparams force-mem-access 1
targets -set -nocase -filter {name =~"APU*" && jtag_cable_name =~ "Digilent JTAG-HS1 210512180081"} -index 0
ps7_init
ps7_post_config
targets -set -nocase -filter {name =~ "ARM*#0" && jtag_cable_name =~ "Digilent JTAG-HS1 210512180081"} -index 0
dow C:/Users/wnagds/Desktop/hdmi_ov5640_2017/hdmi_ov5640_2017.sdk/app/Debug/app.elf
configparams force-mem-access 0
----------------End of Script----------------

21:49:35 INFO  : Memory regions updated for context APU
21:49:35 INFO  : Context for processor 'ps7_cortexa9_0' is selected.
21:49:35 INFO  : 'con' command is executed.
21:49:35 INFO  : ----------------XSDB Script (After Launch)----------------
targets -set -nocase -filter {name =~ "ARM*#0" && jtag_cable_name =~ "Digilent JTAG-HS1 210512180081"} -index 0
con
----------------End of Script----------------

21:49:35 INFO  : Launch script is exported to file 'C:\Users\wnagds\Desktop\hdmi_ov5640_2017\hdmi_ov5640_2017.sdk\.sdk\launch_scripts\xilinx_c-c++_application_(system_debugger)\system_debugger_using_debug_app.elf_on_local.tcl'
22:00:33 INFO  : Disconnected from the channel tcfchan#3.
