#-----------------------------------------------------------
# Webtalk v2017.4 (64-bit)
# SW Build 2086221 on Fri Dec 15 20:55:39 MST 2017
# 
# Start of session at: Wed Dec 13 17:40:40 2023
# Process ID: 91244
# Current directory: C:/Users/wnagds/Desktop/hdmi_ov5640_2017/hdmi_ov5640_2017.sdk/webtalk
# Command line: wbtcv.exe -mode batch -source sdk_webtalk.tcl
# Log file: C:/Users/wnagds/Desktop/hdmi_ov5640_2017/hdmi_ov5640_2017.sdk/webtalk/webtalk.log
# Journal file: C:/Users/wnagds/Desktop/hdmi_ov5640_2017/hdmi_ov5640_2017.sdk/webtalk\webtalk.jou
#-----------------------------------------------------------
source sdk_webtalk.tcl
# webtalk_init -webtalk_dir C:\\Users\\wnagds\\Desktop\\hdmi_ov5640_2017\\hdmi_ov5640_2017.sdk\\webtalk
# webtalk_register_client -client project
# webtalk_add_data -client project -key date_generated -value "2023-12-13 17:40:39" -context "software_version_and_target_device"
# webtalk_add_data -client project -key product_version -value "SDK v2017.4" -context "software_version_and_target_device"
# webtalk_add_data -client project -key build_version -value "2017.4" -context "software_version_and_target_device"
# webtalk_add_data -client project -key os_platform -value "amd64" -context "software_version_and_target_device"
# webtalk_add_data -client project -key registration_id -value "" -context "software_version_and_target_device"
# webtalk_add_data -client project -key tool_flow -value "SDK" -context "software_version_and_target_device"
# webtalk_add_data -client project -key beta -value "false" -context "software_version_and_target_device"
# webtalk_add_data -client project -key route_design -value "NA" -context "software_version_and_target_device"
# webtalk_add_data -client project -key target_family -value "NA" -context "software_version_and_target_device"
# webtalk_add_data -client project -key target_device -value "NA" -context "software_version_and_target_device"
# webtalk_add_data -client project -key target_package -value "NA" -context "software_version_and_target_device"
# webtalk_add_data -client project -key target_speed -value "NA" -context "software_version_and_target_device"
# webtalk_add_data -client project -key random_id -value "ick1nlge3tthp610j52l7gshfd" -context "software_version_and_target_device"
# webtalk_add_data -client project -key project_id -value "2017.4_5" -context "software_version_and_target_device"
# webtalk_add_data -client project -key project_iteration -value "5" -context "software_version_and_target_device"
# webtalk_add_data -client project -key os_name -value "Microsoft Windows 8 or later , 64-bit" -context "user_environment"
# webtalk_add_data -client project -key os_release -value "major release  (build 9200)" -context "user_environment"
# webtalk_add_data -client project -key cpu_name -value "AMD Ryzen 5 5600 6-Core Processor              " -context "user_environment"
# webtalk_add_data -client project -key cpu_speed -value "3500 MHz" -context "user_environment"
# webtalk_add_data -client project -key total_processors -value "2" -context "user_environment"
# webtalk_add_data -client project -key system_ram -value "17.102 GB" -context "user_environment"
# webtalk_register_client -client sdk
# webtalk_add_data -client sdk -key uid -value "1702455886555" -context "sdk\\\\bsp/1702455886555"
# webtalk_add_data -client sdk -key hwid -value "1702453479490" -context "sdk\\\\bsp/1702455886555"
# webtalk_add_data -client sdk -key os -value "standalone" -context "sdk\\\\bsp/1702455886555"
# webtalk_add_data -client sdk -key apptemplate -value "hello_world" -context "sdk\\\\bsp/1702455886555"
# webtalk_add_data -client sdk -key RecordType -value "BSPCreation" -context "sdk\\\\bsp/1702455886555"
# webtalk_add_data -client sdk -key uid -value "1702455888331" -context "sdk\\\\application/1702455888331"
# webtalk_add_data -client sdk -key hwid -value "1702453479490" -context "sdk\\\\application/1702455888331"
# webtalk_add_data -client sdk -key bspid -value "1702455886555" -context "sdk\\\\application/1702455888331"
# webtalk_add_data -client sdk -key newbsp -value "true" -context "sdk\\\\application/1702455888331"
# webtalk_add_data -client sdk -key os -value "standalone" -context "sdk\\\\application/1702455888331"
# webtalk_add_data -client sdk -key apptemplate -value "hello_world" -context "sdk\\\\application/1702455888331"
# webtalk_add_data -client sdk -key RecordType -value "APPCreation" -context "sdk\\\\application/1702455888331"
# webtalk_add_data -client sdk -key LangUsed -value "C" -context "sdk\\\\application/1702455888331"
# webtalk_add_data -client sdk -key Procused -value "ps7_cortexa9" -context "sdk\\\\application/1702455888331"
# webtalk_add_data -client sdk -key uid -value "1702457099982" -context "sdk\\\\bsp/1702457099982"
# webtalk_add_data -client sdk -key hwid -value "1702453479490" -context "sdk\\\\bsp/1702457099982"
# webtalk_add_data -client sdk -key os -value "standalone" -context "sdk\\\\bsp/1702457099982"
# webtalk_add_data -client sdk -key apptemplate -value "hello_world" -context "sdk\\\\bsp/1702457099982"
# webtalk_add_data -client sdk -key RecordType -value "BSPCreation" -context "sdk\\\\bsp/1702457099982"
# webtalk_add_data -client sdk -key uid -value "1702457101325" -context "sdk\\\\application/1702457101325"
# webtalk_add_data -client sdk -key hwid -value "1702453479490" -context "sdk\\\\application/1702457101325"
# webtalk_add_data -client sdk -key bspid -value "1702457099982" -context "sdk\\\\application/1702457101325"
# webtalk_add_data -client sdk -key newbsp -value "true" -context "sdk\\\\application/1702457101325"
# webtalk_add_data -client sdk -key os -value "standalone" -context "sdk\\\\application/1702457101325"
# webtalk_add_data -client sdk -key apptemplate -value "hello_world" -context "sdk\\\\application/1702457101325"
# webtalk_add_data -client sdk -key RecordType -value "APPCreation" -context "sdk\\\\application/1702457101325"
# webtalk_add_data -client sdk -key LangUsed -value "C" -context "sdk\\\\application/1702457101325"
# webtalk_add_data -client sdk -key Procused -value "ps7_cortexa9" -context "sdk\\\\application/1702457101325"
# webtalk_add_data -client sdk -key projSize -value "274.3828125" -context "sdk\\\\application/1702457101325"
# webtalk_add_data -client sdk -key uid -value "NA" -context "sdk\\\\bsp/1702460439223"
# webtalk_add_data -client sdk -key RecordType -value "ToolUsage" -context "sdk\\\\bsp/1702460439223"
# webtalk_add_data -client sdk -key BootgenCount -value "0" -context "sdk\\\\bsp/1702460439223"
# webtalk_add_data -client sdk -key DebugCount -value "13" -context "sdk\\\\bsp/1702460439223"
# webtalk_add_data -client sdk -key PerfCount -value "0" -context "sdk\\\\bsp/1702460439223"
# webtalk_add_data -client sdk -key FlashCount -value "0" -context "sdk\\\\bsp/1702460439223"
# webtalk_add_data -client sdk -key CrossTriggCount -value "0" -context "sdk\\\\bsp/1702460439223"
# webtalk_add_data -client sdk -key QemuDebugCount -value "0" -context "sdk\\\\bsp/1702460439223"
# webtalk_transmit -clientid 3799967303 -regid "" -xml C:\\Users\\wnagds\\Desktop\\hdmi_ov5640_2017\\hdmi_ov5640_2017.sdk\\webtalk\\usage_statistics_ext_sdk.xml -html C:\\Users\\wnagds\\Desktop\\hdmi_ov5640_2017\\hdmi_ov5640_2017.sdk\\webtalk\\usage_statistics_ext_sdk.html -wdm C:\\Users\\wnagds\\Desktop\\hdmi_ov5640_2017\\hdmi_ov5640_2017.sdk\\webtalk\\sdk_webtalk.wdm -intro "<H3>SDK Usage Report</H3><BR>"
# webtalk_terminate
INFO: [Common 17-206] Exiting Webtalk at Wed Dec 13 17:40:41 2023...
