14:33:20 INFO  : Launching XSCT server: xsct.bat -n  -interactive C:\Users\wnagds\Desktop\hdmi_ov5640_2017\hdmi_ov5640_2017.vitis\temp_xsdb_launch_script.tcl
14:33:20 INFO  : Registering command handlers for Vitis TCF services
14:33:22 INFO  : Platform repository initialization has completed.
14:33:23 INFO  : XSCT server has started successfully.
14:33:23 INFO  : Successfully done setting XSCT server connection channel  
14:33:23 INFO  : plnx-install-location is set to ''
14:33:23 INFO  : Successfully done query RDI_DATADIR 
14:33:23 INFO  : Successfully done setting workspace for the tool. 
14:36:52 INFO  : Result from executing command 'getProjects': system_wrapper
14:36:52 INFO  : Result from executing command 'getPlatforms': 
14:36:52 WARN  : An unexpected exception occurred in the module 'platform project logging'
14:36:52 INFO  : Platform 'system_wrapper' is added to custom repositories.
14:37:00 INFO  : Platform 'system_wrapper' is added to custom repositories.
14:37:38 INFO  : Result from executing command 'getProjects': system_wrapper
14:37:38 INFO  : Result from executing command 'getPlatforms': system_wrapper|C:/Users/wnagds/Desktop/hdmi_ov5640_2017/hdmi_ov5640_2017.vitis/system_wrapper/export/system_wrapper/system_wrapper.xpfm
14:37:38 INFO  : Checking for BSP changes to sync application flags for project 'ov5640_hdmi'...
14:38:22 INFO  : Connected to target on host '127.0.0.1' and port '3121'.
14:38:22 INFO  : Jtag cable 'Digilent JTAG-HS1 210512180081' is selected.
14:38:22 INFO  : 'jtag frequency' command is executed.
14:38:22 INFO  : Context for 'APU' is selected.
14:38:22 INFO  : System reset is completed.
14:38:25 INFO  : 'after 3000' command is executed.
14:38:25 INFO  : 'targets -set -filter {jtag_cable_name =~ "Digilent JTAG-HS1 210512180081" && level==0 && jtag_device_ctx=="jsn-JTAG-HS1-210512180081-23727093-0"}' command is executed.
14:38:29 INFO  : Device configured successfully with "C:/Users/wnagds/Desktop/hdmi_ov5640_2017/hdmi_ov5640_2017.vitis/ov5640_hdmi/_ide/bitstream/system_wrapper.bit"
14:38:29 INFO  : Context for 'APU' is selected.
14:38:29 INFO  : Hardware design and registers information is loaded from 'C:/Users/wnagds/Desktop/hdmi_ov5640_2017/hdmi_ov5640_2017.vitis/system_wrapper/export/system_wrapper/hw/system_wrapper.xsa'.
14:38:29 INFO  : 'configparams force-mem-access 1' command is executed.
14:38:29 INFO  : Context for 'APU' is selected.
14:38:29 INFO  : Sourcing of 'C:/Users/wnagds/Desktop/hdmi_ov5640_2017/hdmi_ov5640_2017.vitis/ov5640_hdmi/_ide/psinit/ps7_init.tcl' is done.
14:38:29 INFO  : 'ps7_init' command is executed.
14:38:29 INFO  : 'ps7_post_config' command is executed.
14:38:29 INFO  : Context for processor 'ps7_cortexa9_0' is selected.
14:38:29 INFO  : The application 'C:/Users/wnagds/Desktop/hdmi_ov5640_2017/hdmi_ov5640_2017.vitis/ov5640_hdmi/Debug/ov5640_hdmi.elf' is downloaded to processor 'ps7_cortexa9_0'.
14:38:29 INFO  : 'configparams force-mem-access 0' command is executed.
14:38:29 INFO  : ----------------XSDB Script----------------
connect -url tcp:127.0.0.1:3121
targets -set -nocase -filter {name =~"APU*"}
rst -system
after 3000
targets -set -filter {jtag_cable_name =~ "Digilent JTAG-HS1 210512180081" && level==0 && jtag_device_ctx=="jsn-JTAG-HS1-210512180081-23727093-0"}
fpga -file C:/Users/wnagds/Desktop/hdmi_ov5640_2017/hdmi_ov5640_2017.vitis/ov5640_hdmi/_ide/bitstream/system_wrapper.bit
targets -set -nocase -filter {name =~"APU*"}
loadhw -hw C:/Users/wnagds/Desktop/hdmi_ov5640_2017/hdmi_ov5640_2017.vitis/system_wrapper/export/system_wrapper/hw/system_wrapper.xsa -mem-ranges [list {0x40000000 0xbfffffff}] -regs
configparams force-mem-access 1
targets -set -nocase -filter {name =~"APU*"}
source C:/Users/wnagds/Desktop/hdmi_ov5640_2017/hdmi_ov5640_2017.vitis/ov5640_hdmi/_ide/psinit/ps7_init.tcl
ps7_init
ps7_post_config
targets -set -nocase -filter {name =~ "*A9*#0"}
dow C:/Users/wnagds/Desktop/hdmi_ov5640_2017/hdmi_ov5640_2017.vitis/ov5640_hdmi/Debug/ov5640_hdmi.elf
configparams force-mem-access 0
----------------End of Script----------------

14:38:29 INFO  : Context for processor 'ps7_cortexa9_0' is selected.
14:38:29 INFO  : 'con' command is executed.
14:38:29 INFO  : ----------------XSDB Script (After Launch)----------------
targets -set -nocase -filter {name =~ "*A9*#0"}
con
----------------End of Script----------------

14:38:29 INFO  : Disconnected from the channel tcfchan#3.
14:42:50 INFO  : Checking for BSP changes to sync application flags for project 'ov5640_hdmi'...
14:43:09 INFO  : Connected to target on host '127.0.0.1' and port '3121'.
14:43:09 INFO  : Jtag cable 'Digilent JTAG-HS1 210512180081' is selected.
14:43:09 INFO  : 'jtag frequency' command is executed.
14:43:09 INFO  : Context for 'APU' is selected.
14:43:09 INFO  : System reset is completed.
14:43:13 INFO  : 'after 3000' command is executed.
14:43:13 INFO  : Connected to target on host '127.0.0.1' and port '3121'.
14:43:15 INFO  : 'targets -set -filter {jtag_cable_name =~ "Digilent JTAG-HS1 210512180081" && level==0 && jtag_device_ctx=="jsn-JTAG-HS1-210512180081-23727093-0"}' command is executed.
14:43:18 INFO  : Device configured successfully with "C:/Users/wnagds/Desktop/hdmi_ov5640_2017/hdmi_ov5640_2017.vitis/ov5640_hdmi/_ide/bitstream/system_wrapper.bit"
14:43:18 INFO  : Context for 'APU' is selected.
14:43:18 INFO  : Hardware design and registers information is loaded from 'C:/Users/wnagds/Desktop/hdmi_ov5640_2017/hdmi_ov5640_2017.vitis/system_wrapper/export/system_wrapper/hw/system_wrapper.xsa'.
14:43:18 INFO  : 'configparams force-mem-access 1' command is executed.
14:43:18 INFO  : Context for 'APU' is selected.
14:43:18 INFO  : Sourcing of 'C:/Users/wnagds/Desktop/hdmi_ov5640_2017/hdmi_ov5640_2017.vitis/ov5640_hdmi/_ide/psinit/ps7_init.tcl' is done.
14:43:19 INFO  : 'ps7_init' command is executed.
14:43:19 INFO  : 'ps7_post_config' command is executed.
14:43:19 INFO  : Context for processor 'ps7_cortexa9_0' is selected.
14:43:19 INFO  : The application 'C:/Users/wnagds/Desktop/hdmi_ov5640_2017/hdmi_ov5640_2017.vitis/ov5640_hdmi/Debug/ov5640_hdmi.elf' is downloaded to processor 'ps7_cortexa9_0'.
14:43:19 INFO  : 'configparams force-mem-access 0' command is executed.
14:43:19 INFO  : ----------------XSDB Script----------------
connect -url tcp:127.0.0.1:3121
targets -set -nocase -filter {name =~"APU*"}
rst -system
after 3000
targets -set -filter {jtag_cable_name =~ "Digilent JTAG-HS1 210512180081" && level==0 && jtag_device_ctx=="jsn-JTAG-HS1-210512180081-23727093-0"}
fpga -file C:/Users/wnagds/Desktop/hdmi_ov5640_2017/hdmi_ov5640_2017.vitis/ov5640_hdmi/_ide/bitstream/system_wrapper.bit
targets -set -nocase -filter {name =~"APU*"}
loadhw -hw C:/Users/wnagds/Desktop/hdmi_ov5640_2017/hdmi_ov5640_2017.vitis/system_wrapper/export/system_wrapper/hw/system_wrapper.xsa -mem-ranges [list {0x40000000 0xbfffffff}] -regs
configparams force-mem-access 1
targets -set -nocase -filter {name =~"APU*"}
source C:/Users/wnagds/Desktop/hdmi_ov5640_2017/hdmi_ov5640_2017.vitis/ov5640_hdmi/_ide/psinit/ps7_init.tcl
ps7_init
ps7_post_config
targets -set -nocase -filter {name =~ "*A9*#0"}
dow C:/Users/wnagds/Desktop/hdmi_ov5640_2017/hdmi_ov5640_2017.vitis/ov5640_hdmi/Debug/ov5640_hdmi.elf
configparams force-mem-access 0
----------------End of Script----------------

14:43:19 INFO  : Jtag cable 'Digilent JTAG-HS1 210512180081' is selected.
14:43:19 INFO  : Context for processor 'ps7_cortexa9_0' is selected.
14:43:19 INFO  : 'jtag frequency' command is executed.
14:43:19 INFO  : 'con' command is executed.
14:43:19 INFO  : ----------------XSDB Script (After Launch)----------------
targets -set -nocase -filter {name =~ "*A9*#0"}
con
----------------End of Script----------------

14:43:19 INFO  : Context for 'APU' is selected.
14:43:19 INFO  : System reset is completed.
14:43:19 INFO  : Disconnected from the channel tcfchan#5.
14:43:22 INFO  : 'after 3000' command is executed.
14:43:22 ERROR : Exception occured while running Program Device.
java.lang.RuntimeException: Invalid target. Use "connect" command to connect to hw_server/TCF agent
14:43:22 INFO  : ----------------XSDB Script----------------
connect -url tcp:127.0.0.1:3121
targets -set -nocase -filter {name =~"APU*"}
rst -system
after 3000
----------------End of Script----------------

14:43:22 ERROR : Invalid target. Use "connect" command to connect to hw_server/TCF agent
14:44:05 INFO  : Connected to target on host '127.0.0.1' and port '3121'.
14:44:06 INFO  : Jtag cable 'Digilent JTAG-HS1 210512180081' is selected.
14:44:06 INFO  : 'jtag frequency' command is executed.
14:44:06 INFO  : Context for 'APU' is selected.
14:44:06 INFO  : System reset is completed.
14:44:09 INFO  : 'after 3000' command is executed.
14:44:09 INFO  : 'targets -set -filter {jtag_cable_name =~ "Digilent JTAG-HS1 210512180081" && level==0 && jtag_device_ctx=="jsn-JTAG-HS1-210512180081-23727093-0"}' command is executed.
14:44:12 INFO  : Device configured successfully with "C:/Users/wnagds/Desktop/hdmi_ov5640_2017/hdmi_ov5640_2017.vitis/ov5640_hdmi/_ide/bitstream/system_wrapper.bit"
14:44:12 INFO  : Context for 'APU' is selected.
14:44:12 INFO  : Hardware design and registers information is loaded from 'C:/Users/wnagds/Desktop/hdmi_ov5640_2017/hdmi_ov5640_2017.vitis/system_wrapper/export/system_wrapper/hw/system_wrapper.xsa'.
14:44:12 INFO  : 'configparams force-mem-access 1' command is executed.
14:44:13 INFO  : Context for 'APU' is selected.
14:44:13 INFO  : Sourcing of 'C:/Users/wnagds/Desktop/hdmi_ov5640_2017/hdmi_ov5640_2017.vitis/ov5640_hdmi/_ide/psinit/ps7_init.tcl' is done.
14:44:13 INFO  : 'ps7_init' command is executed.
14:44:13 INFO  : 'ps7_post_config' command is executed.
14:44:13 INFO  : Context for processor 'ps7_cortexa9_0' is selected.
14:44:13 INFO  : The application 'C:/Users/wnagds/Desktop/hdmi_ov5640_2017/hdmi_ov5640_2017.vitis/ov5640_hdmi/Debug/ov5640_hdmi.elf' is downloaded to processor 'ps7_cortexa9_0'.
14:44:13 INFO  : 'configparams force-mem-access 0' command is executed.
14:44:13 INFO  : ----------------XSDB Script----------------
connect -url tcp:127.0.0.1:3121
targets -set -nocase -filter {name =~"APU*"}
rst -system
after 3000
targets -set -filter {jtag_cable_name =~ "Digilent JTAG-HS1 210512180081" && level==0 && jtag_device_ctx=="jsn-JTAG-HS1-210512180081-23727093-0"}
fpga -file C:/Users/wnagds/Desktop/hdmi_ov5640_2017/hdmi_ov5640_2017.vitis/ov5640_hdmi/_ide/bitstream/system_wrapper.bit
targets -set -nocase -filter {name =~"APU*"}
loadhw -hw C:/Users/wnagds/Desktop/hdmi_ov5640_2017/hdmi_ov5640_2017.vitis/system_wrapper/export/system_wrapper/hw/system_wrapper.xsa -mem-ranges [list {0x40000000 0xbfffffff}] -regs
configparams force-mem-access 1
targets -set -nocase -filter {name =~"APU*"}
source C:/Users/wnagds/Desktop/hdmi_ov5640_2017/hdmi_ov5640_2017.vitis/ov5640_hdmi/_ide/psinit/ps7_init.tcl
ps7_init
ps7_post_config
targets -set -nocase -filter {name =~ "*A9*#0"}
dow C:/Users/wnagds/Desktop/hdmi_ov5640_2017/hdmi_ov5640_2017.vitis/ov5640_hdmi/Debug/ov5640_hdmi.elf
configparams force-mem-access 0
----------------End of Script----------------

14:44:13 INFO  : Context for processor 'ps7_cortexa9_0' is selected.
14:44:13 INFO  : 'con' command is executed.
14:44:13 INFO  : ----------------XSDB Script (After Launch)----------------
targets -set -nocase -filter {name =~ "*A9*#0"}
con
----------------End of Script----------------

14:44:13 INFO  : Disconnected from the channel tcfchan#6.
